-------------------------------------------------------------------------------
Test set: AlergiasServiceTest
-------------------------------------------------------------------------------
Tests run: 4, Failures: 0, Errors: 0, Skipped: 0, Time elapsed: 0.808 s - in AlergiasServiceTest
AlergiasServiceTest.guardarAlergia_conPacienteValido_devuelveOk  Time elapsed: 0.746 s
AlergiasServiceTest.eliminarAlergia_existente_devuelveOk  Time elapsed: 0.012 s
AlergiasServiceTest.eliminarAlergia_noExistente_devuelveWarning  Time elapsed: 0.003 s
AlergiasServiceTest.guardarAlergia_conPacienteNulo_devuelveWarning  Time elapsed: 0.001 s
