-------------------------------------------------------------------------------
Test set: OperacionesServiceTest
-------------------------------------------------------------------------------
Tests run: 4, Failures: 0, Errors: 0, Skipped: 0, Time elapsed: 0.031 s - in OperacionesServiceTest
OperacionesServiceTest.guardarOperación_conPacienteNulo_devuelveWarning  Time elapsed: 0.022 s
OperacionesServiceTest.guardarOperacion_conPacienteValido_devuelveOk  Time elapsed: 0.001 s
OperacionesServiceTest.eliminarOperación_noExistente_devuelveWarning  Time elapsed: 0.002 s
OperacionesServiceTest.eliminarOperacion_existente_devuelveOk  Time elapsed: 0.002 s
